Job Threshold set to 464
Jobs already running: 12
Line: python3 SNARE.py inputs/IS.txt
Added permission for temp_job_1695637551508873954.sh
Run number 1
Submitted batch job 22513
Run number 2
Submitted batch job 22514
Run number 3
Submitted batch job 22515
Run number 4
Submitted batch job 22516
Run number 5
Submitted batch job 22517
Run number 6
Submitted batch job 22518
Run number 7
Submitted batch job 22519
Run number 8
Submitted batch job 22520
Run number 9
Submitted batch job 22521
Run number 10
Submitted batch job 22522
Run number 11
Submitted batch job 22523
Run number 12
Submitted batch job 22524
Run number 13
Submitted batch job 22525
Run number 14
Submitted batch job 22526
Run number 15
Submitted batch job 22527
Run number 16
Submitted batch job 22528
Run number 17
Submitted batch job 22529
Run number 18
Submitted batch job 22530
Run number 19
Submitted batch job 22531
Run number 20
Submitted batch job 22532
Run number 21
Submitted batch job 22533
Run number 22
Submitted batch job 22534
Run number 23
Submitted batch job 22535
Run number 24
Submitted batch job 22536
Run number 25
Submitted batch job 22537
Run number 26
Submitted batch job 22538
Run number 27
Submitted batch job 22539
Run number 28
Submitted batch job 22540
Run number 29
Submitted batch job 22541
Run number 30
Submitted batch job 22542
Run number 31
Submitted batch job 22543
Run number 32
Submitted batch job 22544
Run number 33
Submitted batch job 22545
Run number 34
Submitted batch job 22546
Run number 35
Submitted batch job 22547
Run number 36
Submitted batch job 22548
Run number 37
Submitted batch job 22549
Run number 38
Submitted batch job 22550
Run number 39
Submitted batch job 22551
Run number 40
Submitted batch job 22552
Run number 41
Submitted batch job 22553
Run number 42
Submitted batch job 22554
Run number 43
Submitted batch job 22555
Run number 44
Submitted batch job 22556
Run number 45
Submitted batch job 22557
Run number 46
Submitted batch job 22558
Run number 47
Submitted batch job 22559
Run number 48
Submitted batch job 22560
Run number 49
Submitted batch job 22561
Run number 50
Submitted batch job 22562
FINISHED
Job Threshold set to 464
Jobs already running: 16
Line: python3 SNARE.py inputs/IS1.txt
Added permission for temp_job_1695652516820048841.sh
Run number 1
Submitted batch job 22563
Run number 2
Submitted batch job 22564
Run number 3
Submitted batch job 22565
Run number 4
Submitted batch job 22566
Run number 5
Submitted batch job 22567
Run number 6
Submitted batch job 22568
Run number 7
Submitted batch job 22569
Run number 8
Submitted batch job 22570
Run number 9
Submitted batch job 22571
Run number 10
Submitted batch job 22572
Run number 11
Submitted batch job 22573
Run number 12
Submitted batch job 22574
Run number 13
Submitted batch job 22575
Run number 14
Submitted batch job 22576
Run number 15
Submitted batch job 22577
Run number 16
Submitted batch job 22578
Run number 17
Submitted batch job 22579
Run number 18
Submitted batch job 22580
Run number 19
Submitted batch job 22581
Run number 20
Submitted batch job 22582
Run number 21
Submitted batch job 22583
Run number 22
Submitted batch job 22584
Run number 23
Submitted batch job 22585
Run number 24
Submitted batch job 22586
Run number 25
Submitted batch job 22587
Run number 26
Submitted batch job 22588
Run number 27
Submitted batch job 22589
Run number 28
Submitted batch job 22590
Run number 29
Submitted batch job 22591
Run number 30
Submitted batch job 22592
Run number 31
Submitted batch job 22593
Run number 32
Submitted batch job 22594
Run number 33
Submitted batch job 22595
Run number 34
Submitted batch job 22596
Run number 35
Submitted batch job 22597
Run number 36
Submitted batch job 22598
Run number 37
Submitted batch job 22599
Run number 38
Submitted batch job 22600
Run number 39
Submitted batch job 22601
Run number 40
Submitted batch job 22602
Run number 41
Submitted batch job 22603
Run number 42
Submitted batch job 22604
Run number 43
Submitted batch job 22605
Run number 44
Submitted batch job 22606
Run number 45
Submitted batch job 22607
Run number 46
Submitted batch job 22608
Run number 47
Submitted batch job 22609
Run number 48
Submitted batch job 22610
Run number 49
Submitted batch job 22611
Run number 50
Submitted batch job 22612
Jobs already running: 66
Line: python3 SNARE.py inputs/IS2.txt
Added permission for temp_job_1695652517376939521.sh
Run number 1
Submitted batch job 22613
Run number 2
Submitted batch job 22614
Run number 3
Submitted batch job 22615
Run number 4
Submitted batch job 22616
Run number 5
Submitted batch job 22617
Run number 6
Submitted batch job 22618
Run number 7
Submitted batch job 22619
Run number 8
Submitted batch job 22620
Run number 9
Submitted batch job 22621
Run number 10
Submitted batch job 22622
Run number 11
Submitted batch job 22623
Run number 12
Submitted batch job 22624
Run number 13
Submitted batch job 22625
Run number 14
Submitted batch job 22626
Run number 15
Submitted batch job 22627
Run number 16
Submitted batch job 22628
Run number 17
Submitted batch job 22629
Run number 18
Submitted batch job 22630
Run number 19
Submitted batch job 22631
Run number 20
Submitted batch job 22632
Run number 21
Submitted batch job 22633
Run number 22
Submitted batch job 22634
Run number 23
Submitted batch job 22635
Run number 24
Submitted batch job 22636
Run number 25
Submitted batch job 22637
Run number 26
Submitted batch job 22638
Run number 27
Submitted batch job 22639
Run number 28
Submitted batch job 22640
Run number 29
Submitted batch job 22641
Run number 30
Submitted batch job 22642
Run number 31
Submitted batch job 22643
Run number 32
Submitted batch job 22644
Run number 33
Submitted batch job 22645
Run number 34
Submitted batch job 22646
Run number 35
Submitted batch job 22647
Run number 36
Submitted batch job 22648
Run number 37
Submitted batch job 22649
Run number 38
Submitted batch job 22650
Run number 39
Submitted batch job 22651
Run number 40
Submitted batch job 22652
Run number 41
Submitted batch job 22653
Run number 42
Submitted batch job 22654
Run number 43
Submitted batch job 22655
Run number 44
Submitted batch job 22656
Run number 45
Submitted batch job 22657
Run number 46
Submitted batch job 22658
Run number 47
Submitted batch job 22659
Run number 48
Submitted batch job 22660
Run number 49
Submitted batch job 22661
Run number 50
Submitted batch job 22662
Jobs already running: 116
Line: python3 SNARE.py inputs/IS3.txt
Added permission for temp_job_1695652517957523574.sh
Run number 1
Submitted batch job 22663
Run number 2
Submitted batch job 22664
Run number 3
Submitted batch job 22665
Run number 4
Submitted batch job 22666
Run number 5
Submitted batch job 22667
Run number 6
Submitted batch job 22668
Run number 7
Submitted batch job 22669
Run number 8
Submitted batch job 22670
Run number 9
Submitted batch job 22671
Run number 10
Submitted batch job 22672
Run number 11
Submitted batch job 22673
Run number 12
Submitted batch job 22674
Run number 13
Submitted batch job 22675
Run number 14
Submitted batch job 22676
Run number 15
Submitted batch job 22677
Run number 16
Submitted batch job 22678
Run number 17
Submitted batch job 22679
Run number 18
Submitted batch job 22680
Run number 19
Submitted batch job 22681
Run number 20
Submitted batch job 22682
Run number 21
Submitted batch job 22683
Run number 22
Submitted batch job 22684
Run number 23
Submitted batch job 22685
Run number 24
Submitted batch job 22686
Run number 25
Submitted batch job 22687
Run number 26
Submitted batch job 22688
Run number 27
Submitted batch job 22689
Run number 28
Submitted batch job 22690
Run number 29
Submitted batch job 22691
Run number 30
Submitted batch job 22692
Run number 31
Submitted batch job 22693
Run number 32
Submitted batch job 22694
Run number 33
Submitted batch job 22695
Run number 34
Submitted batch job 22696
Run number 35
Submitted batch job 22697
Run number 36
Submitted batch job 22698
Run number 37
Submitted batch job 22699
Run number 38
Submitted batch job 22700
Run number 39
Submitted batch job 22701
Run number 40
Submitted batch job 22702
Run number 41
Submitted batch job 22703
Run number 42
Submitted batch job 22704
Run number 43
Submitted batch job 22705
Run number 44
Submitted batch job 22706
Run number 45
Submitted batch job 22707
Run number 46
Submitted batch job 22708
Run number 47
Submitted batch job 22709
Run number 48
Submitted batch job 22710
Run number 49
Submitted batch job 22711
Run number 50
Submitted batch job 22712
FINISHED
